<?xml version="1.0" encoding="UTF-8"?>
<!-- Generated by org.testng.reporters.JUnitReportReporter -->
<testsuite hostname="LAPTOP-BTHT953O" name="com.excelTest.ReadExcelDataTest" tests="1" failures="0" timestamp="2 Oct 2023 22:27:05 GMT" time="0.541" errors="0">
  <testcase name="excel" time="0.541" classname="com.excelTest.ReadExcelDataTest"/>
</testsuite> <!-- com.excelTest.ReadExcelDataTest -->
