<?xml version="1.0" encoding="UTF-8"?>
<!-- Generated by org.testng.reporters.JUnitReportReporter -->
<testsuite hostname="LAPTOP-BTHT953O" name="com.testingTrue.FacebookTest" tests="1" failures="0" timestamp="5 Oct 2023 00:42:52 GMT" time="3.078" errors="0">
  <testcase name="fb" time="3.078" classname="com.testingTrue.FacebookTest"/>
</testsuite> <!-- com.testingTrue.FacebookTest -->
