<?xml version="1.0" encoding="UTF-8"?>
<!-- Generated by org.testng.reporters.JUnitReportReporter -->
<testsuite hostname="LAPTOP-BTHT953O" name="com.testingSuite.GmailTest" tests="1" failures="0" timestamp="27 Sep 2023 23:20:28 GMT" time="4.159" errors="0">
  <testcase name="gmail" time="4.159" classname="com.testingSuite.GmailTest"/>
</testsuite> <!-- com.testingSuite.GmailTest -->
