<?xml version="1.0" encoding="UTF-8"?>
<!-- Generated by org.testng.reporters.JUnitReportReporter -->
<testsuite hostname="LAPTOP-BTHT953O" name="com.testing.GmailTest" tests="1" failures="0" timestamp="26 Sep 2023 20:07:02 GMT" time="4.130" errors="0">
  <testcase name="gmail" time="4.130" classname="com.testing.GmailTest"/>
</testsuite> <!-- com.testing.GmailTest -->
