<?xml version="1.0" encoding="UTF-8"?>
<!-- Generated by org.testng.reporters.JUnitReportReporter -->
<testsuite hostname="LAPTOP-BTHT953O" name="com.grp.IHGGroupTest" tests="1" failures="0" timestamp="27 Sep 2023 01:04:29 GMT" time="6.695" errors="0">
  <testcase name="ihg" time="6.695" classname="com.grp.IHGGroupTest"/>
</testsuite> <!-- com.grp.IHGGroupTest -->
