<?xml version="1.0" encoding="UTF-8"?>
<!-- Generated by org.testng.reporters.JUnitReportReporter -->
<testsuite hostname="LAPTOP-BTHT953O" name="com.testing.IHGTest" tests="1" failures="0" timestamp="26 Sep 2023 20:07:02 GMT" time="5.370" errors="0">
  <testcase name="ihg" time="5.370" classname="com.testing.IHGTest"/>
</testsuite> <!-- com.testing.IHGTest -->
