<?xml version="1.0" encoding="UTF-8"?>
<!-- Generated by org.testng.reporters.JUnitReportReporter -->
<testsuite hostname="LAPTOP-BTHT953O" name="com.attributes.FruitsTest" tests="5" failures="0" timestamp="27 Sep 2023 00:24:55 GMT" time="0.016" errors="0">
  <testcase name="mango" time="0.016" classname="com.attributes.FruitsTest"/>
  <testcase name="grapes" time="0.000" classname="com.attributes.FruitsTest"/>
  <testcase name="pears" time="0.000" classname="com.attributes.FruitsTest"/>
  <testcase name="apple" time="0.000" classname="com.attributes.FruitsTest"/>
  <testcase name="banana" time="0.000" classname="com.attributes.FruitsTest"/>
</testsuite> <!-- com.attributes.FruitsTest -->
