<?xml version="1.0" encoding="UTF-8"?>
<!-- Generated by org.testng.reporters.JUnitReportReporter -->
<testsuite hostname="LAPTOP-BTHT953O" name="com.testingTrue.FacebookTest" tests="1" failures="0" timestamp="17 Oct 2023 21:13:10 GMT" time="2.660" errors="0">
  <testcase name="fb" time="2.660" classname="com.testingTrue.FacebookTest"/>
</testsuite> <!-- com.testingTrue.FacebookTest -->
