<?xml version="1.0" encoding="UTF-8"?>
<!-- Generated by org.testng.reporters.JUnitReportReporter -->
<testsuite hostname="LAPTOP-BTHT953O" name="com.parametertests.FacebookTest" tests="1" failures="0" timestamp="28 Sep 2023 21:10:06 GMT" time="3.498" errors="0">
  <testcase name="fb" time="3.498" classname="com.parametertests.FacebookTest"/>
</testsuite> <!-- com.parametertests.FacebookTest -->
