<?xml version="1.0" encoding="UTF-8"?>
<!-- Generated by org.testng.reporters.JUnitReportReporter -->
<testsuite hostname="LAPTOP-BTHT953O" name="com.dataprovider.DataOrangeHRM" tests="2" failures="0" timestamp="11 Oct 2023 17:32:17 GMT" time="20.866" errors="0">
  <testcase name="hrm" time="9.776" classname="com.dataprovider.DataOrangeHRM"/>
  <testcase name="hrm" time="11.090" classname="com.dataprovider.DataOrangeHRM"/>
</testsuite> <!-- com.dataprovider.DataOrangeHRM -->
