<?xml version="1.0" encoding="UTF-8"?>
<!-- Generated by org.testng.reporters.JUnitReportReporter -->
<testsuite hostname="LAPTOP-BTHT953O" name="com.excelTest.ReadExcelAnotherDataTest" tests="1" failures="0" timestamp="6 Oct 2023 00:07:26 GMT" time="0.637" errors="0">
  <testcase name="excel" time="0.637" classname="com.excelTest.ReadExcelAnotherDataTest"/>
</testsuite> <!-- com.excelTest.ReadExcelAnotherDataTest -->
