<?xml version="1.0" encoding="UTF-8"?>
<!-- Generated by org.testng.reporters.JUnitReportReporter -->
<testsuite hostname="LAPTOP-BTHT953O" name="com.testingSuite.FacebookTest" tests="1" failures="0" timestamp="27 Sep 2023 23:20:28 GMT" time="2.706" errors="0">
  <testcase name="fb" time="2.706" classname="com.testingSuite.FacebookTest"/>
</testsuite> <!-- com.testingSuite.FacebookTest -->
