<?xml version="1.0" encoding="UTF-8"?>
<!-- Generated by org.testng.reporters.JUnitReportReporter -->
<testsuite hostname="LAPTOP-BTHT953O" name="com.testingTrue.AmazonTest" tests="1" failures="0" timestamp="5 Oct 2023 00:42:52 GMT" time="6.519" errors="0">
  <testcase name="amazon" time="6.519" classname="com.testingTrue.AmazonTest"/>
</testsuite> <!-- com.testingTrue.AmazonTest -->
