<?xml version="1.0" encoding="UTF-8"?>
<!-- Generated by org.testng.reporters.JUnitReportReporter -->
<testsuite hostname="LAPTOP-BTHT953O" name="com.parametertests.IHGTest" tests="1" failures="0" timestamp="29 Sep 2023 00:17:49 GMT" time="6.343" errors="0">
  <testcase name="ihg" time="6.343" classname="com.parametertests.IHGTest"/>
</testsuite> <!-- com.parametertests.IHGTest -->
