<?xml version="1.0" encoding="UTF-8"?>
<!-- Generated by org.testng.reporters.JUnitReportReporter -->
<testsuite hostname="LAPTOP-BTHT953O" name="com.reports.HRMReports" tests="1" failures="0" timestamp="17 Oct 2023 21:14:53 GMT" time="15.938" errors="0">
  <testcase name="hrm" time="15.938" classname="com.reports.HRMReports"/>
</testsuite> <!-- com.reports.HRMReports -->
