<?xml version="1.0" encoding="UTF-8"?>
<!-- Generated by org.testng.reporters.JUnitReportReporter -->
<testsuite hostname="LAPTOP-BTHT953O" name="com.grp.FacebookGroupTest" tests="1" failures="0" timestamp="27 Sep 2023 01:03:42 GMT" time="2.586" errors="0">
  <testcase name="facebook" time="2.586" classname="com.grp.FacebookGroupTest"/>
</testsuite> <!-- com.grp.FacebookGroupTest -->
