<?xml version="1.0" encoding="UTF-8"?>
<!-- Generated by org.testng.reporters.JUnitReportReporter -->
<testsuite hostname="LAPTOP-BTHT953O" name="com.test.FacebookTest" tests="1" failures="0" timestamp="26 Sep 2023 00:43:14 GMT" time="3.499" errors="0">
  <testcase name="fb2" time="3.499" classname="com.test.FacebookTest"/>
</testsuite> <!-- com.test.FacebookTest -->
