<?xml version="1.0" encoding="UTF-8"?>
<!-- Generated by org.testng.reporters.JUnitReportReporter -->
<testsuite hostname="LAPTOP-BTHT953O" name="com.testingSuite.AmazonTest" tests="1" failures="0" timestamp="27 Sep 2023 23:20:28 GMT" time="4.079" errors="0">
  <testcase name="amazon" time="4.079" classname="com.testingSuite.AmazonTest"/>
</testsuite> <!-- com.testingSuite.AmazonTest -->
