<?xml version="1.0" encoding="UTF-8"?>
<!-- Generated by org.testng.reporters.JUnitReportReporter -->
<testsuite hostname="LAPTOP-BTHT953O" name="com.testingTrue.OrangeHRMTest" tests="1" failures="0" timestamp="12 Oct 2023 20:12:43 GMT" time="11.088" errors="0">
  <testcase name="orangehrm" time="11.088" classname="com.testingTrue.OrangeHRMTest"/>
</testsuite> <!-- com.testingTrue.OrangeHRMTest -->
