<?xml version="1.0" encoding="UTF-8"?>
<!-- Generated by org.testng.reporters.JUnitReportReporter -->
<testsuite hostname="LAPTOP-BTHT953O" name="com.excelTest.ReadExcelDataTest" tests="1" failures="0" timestamp="9 Oct 2023 15:18:39 GMT" time="0.603" errors="0">
  <testcase name="excel" time="0.603" classname="com.excelTest.ReadExcelDataTest"/>
</testsuite> <!-- com.excelTest.ReadExcelDataTest -->
