<?xml version="1.0" encoding="UTF-8"?>
<!-- Generated by org.testng.reporters.JUnitReportReporter -->
<testsuite hostname="LAPTOP-BTHT953O" name="com.testing.AmazonTest" tests="1" failures="0" timestamp="27 Sep 2023 01:18:46 GMT" time="2.316" errors="0">
  <testcase name="amazon" time="2.316" classname="com.testing.AmazonTest"/>
</testsuite> <!-- com.testing.AmazonTest -->
