<?xml version="1.0" encoding="UTF-8"?>
<!-- Generated by org.testng.reporters.JUnitReportReporter -->
<testsuite hostname="LAPTOP-BTHT953O" name="com.attributes.FruitsDependsTest" tests="5" failures="0" timestamp="27 Sep 2023 17:01:23 GMT" time="0.009" errors="0">
  <testcase name="mango" time="0.000" classname="com.attributes.FruitsDependsTest"/>
  <testcase name="banana" time="0.000" classname="com.attributes.FruitsDependsTest"/>
  <testcase name="grapes" time="0.000" classname="com.attributes.FruitsDependsTest"/>
  <testcase name="pears" time="0.000" classname="com.attributes.FruitsDependsTest"/>
  <testcase name="apple" time="0.009" classname="com.attributes.FruitsDependsTest"/>
</testsuite> <!-- com.attributes.FruitsDependsTest -->
