<?xml version="1.0" encoding="UTF-8"?>
<!-- Generated by org.testng.reporters.JUnitReportReporter -->
<testsuite hostname="LAPTOP-BTHT953O" name="com.testingSuite.OrangeHRMTest" tests="1" failures="0" timestamp="27 Sep 2023 23:20:28 GMT" time="5.913" errors="0">
  <testcase name="orangehrm" time="5.913" classname="com.testingSuite.OrangeHRMTest"/>
</testsuite> <!-- com.testingSuite.OrangeHRMTest -->
