<?xml version="1.0" encoding="UTF-8"?>
<!-- Generated by org.testng.reporters.JUnitReportReporter -->
<testsuite hostname="LAPTOP-BTHT953O" name="com.excelTest.ReadSecondExcelAnotherDataTest" tests="1" failures="0" timestamp="9 Oct 2023 21:02:35 GMT" time="0.423" errors="0">
  <testcase name="excel" time="0.423" classname="com.excelTest.ReadSecondExcelAnotherDataTest"/>
</testsuite> <!-- com.excelTest.ReadSecondExcelAnotherDataTest -->
