<?xml version="1.0" encoding="UTF-8"?>
<!-- Generated by org.testng.reporters.JUnitReportReporter -->
<testsuite hostname="LAPTOP-BTHT953O" name="com.anothertests.IHGTest" tests="1" failures="0" timestamp="28 Sep 2023 01:18:28 GMT" time="6.650" errors="0">
  <testcase name="ihg" time="6.650" classname="com.anothertests.IHGTest"/>
</testsuite> <!-- com.anothertests.IHGTest -->
