<?xml version="1.0" encoding="UTF-8"?>
<!-- Generated by org.testng.reporters.JUnitReportReporter -->
<testsuite hostname="LAPTOP-BTHT953O" name="com.attributes.AmazonTest" tests="1" failures="0" timestamp="27 Sep 2023 00:18:01 GMT" time="7.551" errors="0">
  <testcase name="amazon" time="7.551" classname="com.attributes.AmazonTest"/>
</testsuite> <!-- com.attributes.AmazonTest -->
