<?xml version="1.0" encoding="UTF-8"?>
<!-- Generated by org.testng.reporters.JUnitReportReporter -->
<testsuite hostname="LAPTOP-BTHT953O" name="com.parametertests.OrangeHRM" tests="1" failures="0" timestamp="29 Sep 2023 00:25:12 GMT" time="11.526" errors="0">
  <testcase name="orangehrm" time="11.526" classname="com.parametertests.OrangeHRM"/>
</testsuite> <!-- com.parametertests.OrangeHRM -->
