<?xml version="1.0" encoding="UTF-8"?>
<!-- Generated by org.testng.reporters.JUnitReportReporter -->
<testsuite hostname="LAPTOP-BTHT953O" name="com.reports.HRMReports" tests="1" failures="0" timestamp="5 Oct 2023 01:28:29 GMT" time="20.949" errors="0">
  <testcase name="hrm" time="20.949" classname="com.reports.HRMReports"/>
</testsuite> <!-- com.reports.HRMReports -->
