<?xml version="1.0" encoding="UTF-8"?>
<!-- Generated by org.testng.reporters.JUnitReportReporter -->
<testsuite hostname="LAPTOP-BTHT953O" name="com.testingTrue.AmazonTest" tests="1" failures="0" timestamp="12 Oct 2023 20:12:43 GMT" time="5.023" errors="0">
  <testcase name="amazon" time="5.023" classname="com.testingTrue.AmazonTest"/>
</testsuite> <!-- com.testingTrue.AmazonTest -->
