<?xml version="1.0" encoding="UTF-8"?>
<!-- Generated by org.testng.reporters.JUnitReportReporter -->
<testsuite hostname="LAPTOP-BTHT953O" name="com.reports.FacebookReports" tests="1" failures="0" timestamp="12 Oct 2023 19:54:51 GMT" time="10.737" errors="0">
  <testcase name="facebook" time="10.737" classname="com.reports.FacebookReports"/>
</testsuite> <!-- com.reports.FacebookReports -->
