<?xml version="1.0" encoding="UTF-8"?>
<!-- Generated by org.testng.reporters.JUnitReportReporter -->
<testsuite hostname="LAPTOP-BTHT953O" name="com.anothertests.FacebookTest" tests="1" failures="0" timestamp="28 Sep 2023 01:03:45 GMT" time="3.891" errors="0">
  <testcase name="fb" time="3.891" classname="com.anothertests.FacebookTest"/>
</testsuite> <!-- com.anothertests.FacebookTest -->
