<?xml version="1.0" encoding="UTF-8"?>
<!-- Generated by org.testng.reporters.JUnitReportReporter -->
<testsuite hostname="LAPTOP-BTHT953O" name="com.test.NumbersTestNG" tests="1" failures="0" timestamp="25 Sep 2023 23:38:43 GMT" time="0.000" errors="0">
  <testcase name="five" time="0.000" classname="com.test.NumbersTestNG"/>
</testsuite> <!-- com.test.NumbersTestNG -->
