<?xml version="1.0" encoding="UTF-8"?>
<!-- Generated by org.testng.reporters.JUnitReportReporter -->
<testsuite hostname="LAPTOP-BTHT953O" name="com.validations.OrangeHRMVerifyTest" tests="1" failures="0" timestamp="29 Sep 2023 19:40:42 GMT" time="9.576" errors="0">
  <testcase name="orange" time="9.576" classname="com.validations.OrangeHRMVerifyTest"/>
</testsuite> <!-- com.validations.OrangeHRMVerifyTest -->
