<?xml version="1.0" encoding="UTF-8"?>
<!-- Generated by org.testng.reporters.JUnitReportReporter -->
<testsuite hostname="LAPTOP-BTHT953O" name="com.testingTrue.FacebookTest" tests="1" failures="0" timestamp="12 Oct 2023 20:12:43 GMT" time="2.523" errors="0">
  <testcase name="fb" time="2.523" classname="com.testingTrue.FacebookTest"/>
</testsuite> <!-- com.testingTrue.FacebookTest -->
