<?xml version="1.0" encoding="UTF-8"?>
<!-- Generated by org.testng.reporters.JUnitReportReporter -->
<testsuite hostname="LAPTOP-BTHT953O" name="com.dataprovider.DataOrangeHRM" tests="2" failures="0" timestamp="29 Sep 2023 21:42:35 GMT" time="29.688" errors="0">
  <testcase name="hrm" time="15.534" classname="com.dataprovider.DataOrangeHRM"/>
  <testcase name="hrm" time="14.154" classname="com.dataprovider.DataOrangeHRM"/>
</testsuite> <!-- com.dataprovider.DataOrangeHRM -->
