<?xml version="1.0" encoding="UTF-8"?>
<!-- Generated by org.testng.reporters.JUnitReportReporter -->
<testsuite hostname="LAPTOP-BTHT953O" name="com.grp.GmailGroupTest" tests="1" failures="0" timestamp="27 Sep 2023 01:03:42 GMT" time="3.393" errors="0">
  <testcase name="gmail" time="3.393" classname="com.grp.GmailGroupTest"/>
</testsuite> <!-- com.grp.GmailGroupTest -->
