<?xml version="1.0" encoding="UTF-8"?>
<!-- Generated by org.testng.reporters.JUnitReportReporter -->
<testsuite hostname="LAPTOP-BTHT953O" name="com.testing.OrangeHRMTest" tests="1" failures="0" timestamp="27 Sep 2023 01:18:46 GMT" time="4.209" errors="0">
  <testcase name="orangehrm" time="4.209" classname="com.testing.OrangeHRMTest"/>
</testsuite> <!-- com.testing.OrangeHRMTest -->
