<?xml version="1.0" encoding="UTF-8"?>
<!-- Generated by org.testng.reporters.JUnitReportReporter -->
<testsuite hostname="LAPTOP-BTHT953O" name="com.attributes.FacebookTest" tests="3" failures="0" timestamp="26 Sep 2023 23:40:02 GMT" time="12.716" errors="0">
  <testcase name="fb" time="3.401" classname="com.attributes.FacebookTest"/>
  <testcase name="fb" time="3.168" classname="com.attributes.FacebookTest"/>
  <testcase name="fb" time="6.147" classname="com.attributes.FacebookTest"/>
</testsuite> <!-- com.attributes.FacebookTest -->
