<?xml version="1.0" encoding="UTF-8"?>
<!-- Generated by org.testng.reporters.JUnitReportReporter -->
<testsuite hostname="LAPTOP-BTHT953O" name="com.testingTrue.OrangeHRMTest" tests="1" failures="0" timestamp="17 Oct 2023 21:13:10 GMT" time="9.085" errors="0">
  <testcase name="orangehrm" time="9.085" classname="com.testingTrue.OrangeHRMTest"/>
</testsuite> <!-- com.testingTrue.OrangeHRMTest -->
