<?xml version="1.0" encoding="UTF-8"?>
<!-- Generated by org.testng.reporters.JUnitReportReporter -->
<testsuite hostname="LAPTOP-BTHT953O" name="com.testing.FacebookTest" tests="1" failures="0" timestamp="27 Sep 2023 01:18:46 GMT" time="3.336" errors="0">
  <testcase name="fb" time="3.336" classname="com.testing.FacebookTest"/>
</testsuite> <!-- com.testing.FacebookTest -->
