<?xml version="1.0" encoding="UTF-8"?>
<!-- Generated by org.testng.reporters.JUnitReportReporter -->
<testsuite hostname="LAPTOP-BTHT953O" name="com.testingSuite.IHGTest" tests="1" failures="0" timestamp="27 Sep 2023 23:20:28 GMT" time="19.682" errors="0">
  <testcase name="ihg" time="19.682" classname="com.testingSuite.IHGTest"/>
</testsuite> <!-- com.testingSuite.IHGTest -->
