<?xml version="1.0" encoding="UTF-8"?>
<!-- Generated by org.testng.reporters.JUnitReportReporter -->
<testsuite hostname="LAPTOP-BTHT953O" name="com.testingTrue.OrangeHRMTest" tests="1" failures="0" timestamp="5 Oct 2023 00:42:52 GMT" time="9.638" errors="0">
  <testcase name="orangehrm" time="9.638" classname="com.testingTrue.OrangeHRMTest"/>
</testsuite> <!-- com.testingTrue.OrangeHRMTest -->
