<?xml version="1.0" encoding="UTF-8"?>
<!-- Generated by org.testng.reporters.JUnitReportReporter -->
<testsuite skipped="0" hostname="LAPTOP-BTHT953O" name="com.testingTrue.OrangeHRMTest" tests="1" failures="0" timestamp="06 Oct 2023 01:09:22 GMT" time="5.877" errors="0">
  <testcase name="orangehrm" time="5.877" classname="com.testingTrue.OrangeHRMTest"/>
</testsuite> <!-- com.testingTrue.OrangeHRMTest -->
