<?xml version="1.0" encoding="UTF-8"?>
<!-- Generated by org.testng.reporters.JUnitReportReporter -->
<testsuite skipped="0" hostname="LAPTOP-BTHT953O" name="com.testingTrue.OrangeHRMTest" tests="1" failures="0" timestamp="17 Oct 2023 21:17:41 GMT" time="4.976" errors="0">
  <testcase name="orangehrm" time="4.976" classname="com.testingTrue.OrangeHRMTest"/>
</testsuite> <!-- com.testingTrue.OrangeHRMTest -->
