<?xml version="1.0" encoding="UTF-8"?>
<!-- Generated by org.testng.reporters.JUnitReportReporter -->
<testsuite skipped="0" hostname="LAPTOP-BTHT953O" name="com.testingTrue.FacebookTest" tests="1" failures="0" timestamp="06 Oct 2023 01:09:22 GMT" time="3.714" errors="0">
  <testcase name="fb" time="3.714" classname="com.testingTrue.FacebookTest"/>
</testsuite> <!-- com.testingTrue.FacebookTest -->
