<?xml version="1.0" encoding="UTF-8"?>
<!-- Generated by org.testng.reporters.JUnitReportReporter -->
<testsuite skipped="0" hostname="LAPTOP-BTHT953O" name="com.testingTrue.AmazonTest" tests="1" failures="0" timestamp="06 Oct 2023 01:09:22 GMT" time="7.086" errors="0">
  <testcase name="amazon" time="7.086" classname="com.testingTrue.AmazonTest"/>
</testsuite> <!-- com.testingTrue.AmazonTest -->
