<?xml version="1.0" encoding="UTF-8"?>
<!-- Generated by org.testng.reporters.JUnitReportReporter -->
<testsuite skipped="0" hostname="LAPTOP-BTHT953O" name="com.testingTrue.AmazonTest" tests="1" failures="0" timestamp="17 Oct 2023 21:17:41 GMT" time="6.293" errors="0">
  <testcase name="amazon" time="6.293" classname="com.testingTrue.AmazonTest"/>
</testsuite> <!-- com.testingTrue.AmazonTest -->
